<?xml version="1.0" encoding="UTF-8"?>
<testsuite xmlns:xsi="http://www.w3.org/2001/XMLSchema-instance" xsi:noNamespaceSchemaLocation="https://maven.apache.org/surefire/maven-surefire-plugin/xsd/surefire-test-report.xsd" name="Main" time="1.341" tests="1" errors="1" skipped="0" failures="0">
  <properties>
[...]
</properties>
  <testcase name="testIssue" classname="Main" time="1.323">
    <error message="Could not start a new session. Possible causes are invalid address of the remote server or browser start-up failure.&#10;Build info: version: &apos;3.141.59&apos;, revision: &apos;e82be7d358&apos;, time: &apos;2018-11-14T08:17:03&apos;&#10;System info: host: &apos;aa4c49e110b8&apos;, ip: &apos;172.17.0.3&apos;, os.name: &apos;Linux&apos;, os.arch: &apos;amd64&apos;, os.version: &apos;5.10.16.3-microsoft-standard-WSL2&apos;, java.version: &apos;11.0.17&apos;&#10;Driver info: driver.version: RemoteWebDriver" type="org.openqa.selenium.remote.UnreachableBrowserException">org.openqa.selenium.remote.UnreachableBrowserException: 
Could not start a new session. Possible causes are invalid address of the remote server or browser start-up failure.
Build info: version: '3.141.59', revision: 'e82be7d358', time: '2018-11-14T08:17:03'
System info: host: 'aa4c49e110b8', ip: '172.17.0.3', os.name: 'Linux', os.arch: 'amd64', os.version: '5.10.16.3-microsoft-standard-WSL2', java.version: '11.0.17'
Driver info: driver.version: RemoteWebDriver
	at Main.initDriver(Main.java:24)
Caused by: java.net.ConnectException: Failed to connect to localhost/127.0.0.1:4444
	at Main.initDriver(Main.java:24)
Caused by: java.net.ConnectException: Connection refused (Connection refused)
	at Main.initDriver(Main.java:24)
</error>
    <system-err><![CDATA[Jan 06, 2023 4:54:21 PM org.openqa.selenium.remote.DesiredCapabilities chrome
INFO: Using `new ChromeOptions()` is preferred to `DesiredCapabilities.chrome()`
SLF4J: No SLF4J providers were found.
SLF4J: Defaulting to no-operation (NOP) logger implementation
SLF4J: See https://www.slf4j.org/codes.html#noProviders for further details.
]]></system-err>
  </testcase>
</testsuite>